<?xml version="1.0" encoding="UTF-8"?>
<!-- Generated by org.testng.reporters.JUnitReportReporter -->
<testsuite hostname="LAPTOP-RVB4JE09" failures="0" tests="1" name="pagesTest.LoginPageTest" time="45.223" errors="0" timestamp="2024-12-11T21:13:23 EST" skipped="0">
  <testcase classname="pagesTest.LoginPageTest" name="validCredentialTest" time="45.223">
    <system-out>
      <![CDATA[Sleeping ... zZz 3000<br>
[[EdgeDriver: MicrosoftEdge on windows (1efbef00a31018661685e731692c6e9a)] -> xpath: (//a[text() = 'Login'])[1]]<---------> is Enabled, true<br>
[[EdgeDriver: MicrosoftEdge on windows (1efbef00a31018661685e731692c6e9a)] -> xpath: (//a[text() = 'Login'])[1]]<--------> has been clicked<br>
mtks483@gmail.com <-----> has been put into <-----> [[EdgeDriver: MicrosoftEdge on windows (1efbef00a31018661685e731692c6e9a)] -> name: username]<br>
Tofael@483 <-----> has been put into <-----> [[EdgeDriver: MicrosoftEdge on windows (1efbef00a31018661685e731692c6e9a)] -> xpath: //*[@id='password']]<br>
[[EdgeDriver: MicrosoftEdge on windows (1efbef00a31018661685e731692c6e9a)] -> xpath: //i[@id='togglePassword']]<---------> is Enabled, true<br>
[[EdgeDriver: MicrosoftEdge on windows (1efbef00a31018661685e731692c6e9a)] -> xpath: //i[@id='togglePassword']]<--------> has been clicked<br>
Sleeping ... zZz 2000<br>
[[EdgeDriver: MicrosoftEdge on windows (1efbef00a31018661685e731692c6e9a)] -> xpath: //i[@id='togglePassword']]<--------> has been clicked<br>
Sleeping ... zZz 3000<br>
[[EdgeDriver: MicrosoftEdge on windows (1efbef00a31018661685e731692c6e9a)] -> id: login]<---------> is Enabled, true<br>
Proxy element for: DefaultElementLocator 'By.id: login'<--------> has been clicked<br>
Sleeping ... zZz 4000<br>
Current URL : https://enthrallit.com/dashboard/, Expected URL : https://enthrallit.com/dashboard/<br>
Actual Title is : Enthrall IT - Dashboard ---> And Expected Title is :Enthrall IT - Dashboard<br>
[[EdgeDriver: MicrosoftEdge on windows (1efbef00a31018661685e731692c6e9a)] -> xpath: //h1[text()='Dashboard']] ---> Actual Header : Dashboard. Expected Header : Dashboard<br>
Sleeping ... zZz 3000<br>]]>
    </system-out>
  </testcase> <!-- validCredentialTest -->
  <system-out>
    <![CDATA[Sleeping ... zZz 3000<br>
[[EdgeDriver: MicrosoftEdge on windows (1efbef00a31018661685e731692c6e9a)] -> xpath: (//a[text() = 'Login'])[1]]<---------> is Enabled, true<br>
[[EdgeDriver: MicrosoftEdge on windows (1efbef00a31018661685e731692c6e9a)] -> xpath: (//a[text() = 'Login'])[1]]<--------> has been clicked<br>
mtks483@gmail.com <-----> has been put into <-----> [[EdgeDriver: MicrosoftEdge on windows (1efbef00a31018661685e731692c6e9a)] -> name: username]<br>
Tofael@483 <-----> has been put into <-----> [[EdgeDriver: MicrosoftEdge on windows (1efbef00a31018661685e731692c6e9a)] -> xpath: //*[@id='password']]<br>
[[EdgeDriver: MicrosoftEdge on windows (1efbef00a31018661685e731692c6e9a)] -> xpath: //i[@id='togglePassword']]<---------> is Enabled, true<br>
[[EdgeDriver: MicrosoftEdge on windows (1efbef00a31018661685e731692c6e9a)] -> xpath: //i[@id='togglePassword']]<--------> has been clicked<br>
Sleeping ... zZz 2000<br>
[[EdgeDriver: MicrosoftEdge on windows (1efbef00a31018661685e731692c6e9a)] -> xpath: //i[@id='togglePassword']]<--------> has been clicked<br>
Sleeping ... zZz 3000<br>
[[EdgeDriver: MicrosoftEdge on windows (1efbef00a31018661685e731692c6e9a)] -> id: login]<---------> is Enabled, true<br>
Proxy element for: DefaultElementLocator 'By.id: login'<--------> has been clicked<br>
Sleeping ... zZz 4000<br>
Current URL : https://enthrallit.com/dashboard/, Expected URL : https://enthrallit.com/dashboard/<br>
Actual Title is : Enthrall IT - Dashboard ---> And Expected Title is :Enthrall IT - Dashboard<br>
[[EdgeDriver: MicrosoftEdge on windows (1efbef00a31018661685e731692c6e9a)] -> xpath: //h1[text()='Dashboard']] ---> Actual Header : Dashboard. Expected Header : Dashboard<br>
Sleeping ... zZz 3000<br>]]>
  </system-out>
</testsuite> <!-- pagesTest.LoginPageTest -->
