<?xml version="1.0" encoding="UTF-8"?>
<!-- Generated by org.testng.reporters.JUnitReportReporter -->
<testsuite hostname="LAPTOP-RVB4JE09" failures="0" tests="1" name="pagesTest.HomePageTest" time="37.767" errors="0" timestamp="2024-12-11T19:06:03 EST" skipped="0">
  <testcase classname="pagesTest.HomePageTest" name="doYouHaveAnyQuestionTest" time="37.767">
    <system-out>
      <![CDATA[Sleeping ... zZz 3000<br>
JavascriptExecutor executing ... arguments[0].scrollIntoView(true) to input Text on element ---> [[EdgeDriver: MicrosoftEdge on windows (89be7180c881a796f3b19ce2140f09c7)] -> xpath: //h2[text()='Contact Us']]<br>
[[EdgeDriver: MicrosoftEdge on windows (89be7180c881a796f3b19ce2140f09c7)] -> xpath: //h2[contains(text(),'Do You Have Any Questions')]] ---> Actual Other Header : Do You Have Any Questions. Expected Other Header : Do You Have Any Questions<br>
Sh eikHa sina <-----> has been put into <-----> [[EdgeDriver: MicrosoftEdge on windows (89be7180c881a796f3b19ce2140f09c7)] -> xpath: //input[@id='id_name']]<br>
Sleeping ... zZz 3000<br>
SheikHasinaPalaiNah@gmail.com <-----> has been put into <-----> [[EdgeDriver: MicrosoftEdge on windows (89be7180c881a796f3b19ce2140f09c7)] -> xpath: //input[@id='id_email']]<br>
Sleeping ... zZz 3000<br>
Shojon Haranor Bedona Ami Bujhi <-----> has been put into <-----> [[EdgeDriver: MicrosoftEdge on windows (89be7180c881a796f3b19ce2140f09c7)] -> xpath: //input[@id='id_subject']]<br>
Sleeping ... zZz 3000<br>
I am a GPA 5 <-----> has been put into <-----> [[EdgeDriver: MicrosoftEdge on windows (89be7180c881a796f3b19ce2140f09c7)] -> xpath: //input[@id='id_experiance']]<br>
Sleeping ... zZz 3000<br>
Amar Vul Hoyeche.....
Amak Khoma Kore Den.....Pilizzz <-----> has been put into <-----> [[EdgeDriver: MicrosoftEdge on windows (89be7180c881a796f3b19ce2140f09c7)] -> id: id_message]<br>
Sleeping ... zZz 3000<br>
[[EdgeDriver: MicrosoftEdge on windows (89be7180c881a796f3b19ce2140f09c7)] -> xpath: //button[text()='send now']]<---------> is Enabled, true<br>
[[EdgeDriver: MicrosoftEdge on windows (89be7180c881a796f3b19ce2140f09c7)] -> xpath: //button[text()='send now']]<--------> has been clicked<br>
Sleeping ... zZz 3000<br>
JavascriptExecutor executing ... arguments[0].scrollIntoView(true) to input Text on element ---> [[EdgeDriver: MicrosoftEdge on windows (89be7180c881a796f3b19ce2140f09c7)] -> xpath: //h2[text()='Contact Us']]<br>
Sleeping ... zZz 3000<br>
[[EdgeDriver: MicrosoftEdge on windows (89be7180c881a796f3b19ce2140f09c7)] -> xpath: //div[@class='alert alert-info alert-dismissable']] ---> Actual Other Header : ×
Something went wrong.. Expected Other Header : ×
Something went wrong.<br>
Sleeping ... zZz 3000<br>]]>
    </system-out>
  </testcase> <!-- doYouHaveAnyQuestionTest -->
  <system-out>
    <![CDATA[Sleeping ... zZz 3000<br>
JavascriptExecutor executing ... arguments[0].scrollIntoView(true) to input Text on element ---> [[EdgeDriver: MicrosoftEdge on windows (89be7180c881a796f3b19ce2140f09c7)] -> xpath: //h2[text()='Contact Us']]<br>
[[EdgeDriver: MicrosoftEdge on windows (89be7180c881a796f3b19ce2140f09c7)] -> xpath: //h2[contains(text(),'Do You Have Any Questions')]] ---> Actual Other Header : Do You Have Any Questions. Expected Other Header : Do You Have Any Questions<br>
Sh eikHa sina <-----> has been put into <-----> [[EdgeDriver: MicrosoftEdge on windows (89be7180c881a796f3b19ce2140f09c7)] -> xpath: //input[@id='id_name']]<br>
Sleeping ... zZz 3000<br>
SheikHasinaPalaiNah@gmail.com <-----> has been put into <-----> [[EdgeDriver: MicrosoftEdge on windows (89be7180c881a796f3b19ce2140f09c7)] -> xpath: //input[@id='id_email']]<br>
Sleeping ... zZz 3000<br>
Shojon Haranor Bedona Ami Bujhi <-----> has been put into <-----> [[EdgeDriver: MicrosoftEdge on windows (89be7180c881a796f3b19ce2140f09c7)] -> xpath: //input[@id='id_subject']]<br>
Sleeping ... zZz 3000<br>
I am a GPA 5 <-----> has been put into <-----> [[EdgeDriver: MicrosoftEdge on windows (89be7180c881a796f3b19ce2140f09c7)] -> xpath: //input[@id='id_experiance']]<br>
Sleeping ... zZz 3000<br>
Amar Vul Hoyeche.....
Amak Khoma Kore Den.....Pilizzz <-----> has been put into <-----> [[EdgeDriver: MicrosoftEdge on windows (89be7180c881a796f3b19ce2140f09c7)] -> id: id_message]<br>
Sleeping ... zZz 3000<br>
[[EdgeDriver: MicrosoftEdge on windows (89be7180c881a796f3b19ce2140f09c7)] -> xpath: //button[text()='send now']]<---------> is Enabled, true<br>
[[EdgeDriver: MicrosoftEdge on windows (89be7180c881a796f3b19ce2140f09c7)] -> xpath: //button[text()='send now']]<--------> has been clicked<br>
Sleeping ... zZz 3000<br>
JavascriptExecutor executing ... arguments[0].scrollIntoView(true) to input Text on element ---> [[EdgeDriver: MicrosoftEdge on windows (89be7180c881a796f3b19ce2140f09c7)] -> xpath: //h2[text()='Contact Us']]<br>
Sleeping ... zZz 3000<br>
[[EdgeDriver: MicrosoftEdge on windows (89be7180c881a796f3b19ce2140f09c7)] -> xpath: //div[@class='alert alert-info alert-dismissable']] ---> Actual Other Header : ×
Something went wrong.. Expected Other Header : ×
Something went wrong.<br>
Sleeping ... zZz 3000<br>]]>
  </system-out>
</testsuite> <!-- pagesTest.HomePageTest -->
